LOG - IP address: ::1 - 
12/10/2020 14:20:34: User admin successfully logged in.
------------------------------
/nLOG - IP address: ::1 - 
12/10/2020 14:28:15: User admin unsuccessfully logged in.
------------------------------
/nLOG - IP address: ::1 - 
12/10/2020 14:28:20: User admin unsuccessfully logged in.
------------------------------
/nLOG - IP address: ::1 - 
12/10/2020 14:28:45: User admin unsuccessfully logged in.
------------------------------
/nLOG - IP address: ::1 - 
12/10/2020 14:36:23: User admin failed to log in.
------------------------------
/nLOG - IP address: ::1 - 
12/10/2020 14:36:30: User admin failed to log in.
------------------------------
/nLOG - IP address: ::1 - 
12/10/2020 14:41:55: User admin successfully logged in.
------------------------------
/nLOG - IP address: ::1 - 
12/10/2020 15:22:33: User admin successfully logged in.
------------------------------
/nLOG - IP address: ::1 - 
19/10/2020 15:02:51: User admin successfully logged in.
------------------------------
/nLOG - IP address: ::1 - 
20/10/2020 14:21:30: User admin successfully logged in.
------------------------------
/nLOG - IP address: ::1 - 
20/10/2020 15:43:31: User felipe failed to log in.
------------------------------
/nLOG - IP address: ::1 - 
20/10/2020 15:43:53: User felipe failed to log in.
------------------------------
/nLOG - IP address: ::1 - 
01/12/2020 15:24:19: User admin successfully logged in.
------------------------------
/nLOG - IP address: ::1 - 
07/12/2020 14:29:02: User admin successfully logged in.
------------------------------
/nLOG - IP address: ::1 - 
07/12/2020 18:19:56: User admin successfully logged in.
------------------------------
/nLOG - IP address: ::1 - 
08/12/2020 14:39:48: User admin failed to log in.
------------------------------
/nLOG - IP address: ::1 - 
08/12/2020 14:39:59: User admin failed to log in.
------------------------------
/nLOG - IP address: ::1 - 
08/12/2020 14:56:59: User felipe failed to log in.
------------------------------
/nLOG - IP address: ::1 - 
08/12/2020 14:57:08: User felipe failed to log in.
------------------------------
/nLOG - IP address: ::1 - 
08/12/2020 14:57:19: User felipe failed to log in.
------------------------------
/nLOG - IP address: ::1 - 
19/01/2021 12:08:55: User admin successfully logged in.
------------------------------
/nLOG - IP address: ::1 - 
25/01/2021 11:07:30: User admin successfully logged in.
------------------------------
/nLOG - IP address: 127.0.0.1 - 
25/01/2021 11:23:52: User admin successfully logged in.
------------------------------
/nLOG - IP address: 127.0.0.1 - 
25/01/2021 12:38:07: User admin successfully logged in.
------------------------------
/nLOG - IP address: 127.0.0.1 - 
25/01/2021 12:43:24: User admin successfully logged in.
------------------------------
/n